STEP to UG
! INFO-     NX STEP AP203 - V2007
! INFO-      
! INFO-     Start of Translation: 23-MAY-2024  8:52:30 PM
! INFO-      
! STATUS-   Converting Part: D:\franz\Documents\studia\eity\PBL4\smartwatch2\smartwatch\MODEL\20021111-00010T1LF.stp
! SUMMARY-   
! SUMMARY-    STEP Header Information
! SUMMARY-   
! SUMMARY-  Description      Unknown
! SUMMARY-  Imp_Level        2;1
! SUMMARY-  File_Name        20021111-00010XXLFC
! SUMMARY-  Date             2009-07-17T
! SUMMARY-  Author           bnataraj
! SUMMARY-  Organization     FCI - ELX Division
! SUMMARY-  Pre_Version      PRO/ENGINEER BY PARAMETRIC TECHNOLOGY CORPORATION, 2008010
! SUMMARY-  Orig_System      PRO/ENGINEER BY PARAMETRIC TECHNOLOGY CORPORATION, 2008010
! SUMMARY-  Authorization    Unknown
! SUMMARY-  Schema_ID        config_control_design
! SUMMARY-   
! SUMMARY-    Summary of STEP Entities
! SUMMARY-   
! SUMMARY-  Entity Type                                                   Count
! SUMMARY-  -----------                                                   ------
! SUMMARY-  advanced_face ..............................................:    138
! SUMMARY-  application_context ........................................:      1
! SUMMARY-  approval ...................................................:      1
! SUMMARY-  approval_date_time .........................................:      1
! SUMMARY-  approval_person_organization ...............................:      1
! SUMMARY-  approval_role ..............................................:      1
! SUMMARY-  approval_status ............................................:      1
! SUMMARY-  axis2_placement_3d .........................................:    138
! SUMMARY-  calendar_date ..............................................:      1
! SUMMARY-  cartesian_point ............................................:    718
! SUMMARY-  closed_shell ...............................................:      1
! SUMMARY-  conversion_based_unit_and_plane_angle_unit .................:      1
! SUMMARY-  coordinated_universal_time_offset ..........................:      1
! SUMMARY-  date_and_time ..............................................:      1
! SUMMARY-  dimensional_exponents ......................................:      1
! SUMMARY-  direction ..................................................:    624
! SUMMARY-  edge_curve .................................................:    348
! SUMMARY-  edge_loop ..................................................:    158
! SUMMARY-  face_bound .................................................:     20
! SUMMARY-  face_outer_bound ...........................................:    138
! SUMMARY-  geometric_representation_context_and_global_uncertainty_a ..:      1
! SUMMARY-  length_unit_and_si_unit ....................................:      1
! SUMMARY-  line .......................................................:    348
! SUMMARY-  local_time .................................................:      1
! SUMMARY-  manifold_solid_brep ........................................:      1
! SUMMARY-  organization ...............................................:      1
! SUMMARY-  oriented_edge ..............................................:    696
! SUMMARY-  person .....................................................:      1
! SUMMARY-  person_and_organization ....................................:      1
! SUMMARY-  plane ......................................................:    138
! SUMMARY-  plane_angle_measure_with_unit ..............................:      1
! SUMMARY-  plane_angle_unit_and_si_unit ...............................:      1
! SUMMARY-  product ....................................................:      1
! SUMMARY-  product_category ...........................................:      1
! SUMMARY-  product_category_relationship ..............................:      1
! SUMMARY-  product_context ............................................:      1
! SUMMARY-  product_definition .........................................:      1
! SUMMARY-  product_definition_context .................................:      1
! SUMMARY-  product_definition_formation_with_specified_source .........:      1
! SUMMARY-  product_definition_shape ...................................:      1
! SUMMARY-  product_related_product_category ...........................:      1
! SUMMARY-  si_unit_and_solid_angle_unit ...............................:      1
! SUMMARY-  uncertainty_measure_with_unit ..............................:      1
! SUMMARY-  vector .....................................................:    348
! SUMMARY-  vertex_point ...............................................:    232
! SUMMARY-                                                               -------
! SUMMARY-  Total                                                           4076
! STATUS-    
! STATUS-   Converting to Output Form (Phase 2 of 3): 23-MAY-2024 8:52:30 PM
! STATUS-    
! STATUS-    
! STATUS-   Generating UG geometry and placing them in parts
! STATUS-    
! STATUS-   Creating the UG part (Phase 3 of 3): 23-MAY-2024  8:52:30 PM
! INFO-     Filing Part ..: D:\franz\Documents\studia\eity\PBL4\smartwatch2\smartwatch\MODEL\20021111-00010T1LF_stp.prt
! SUMMARY-   
! SUMMARY-  Summary of Unigraphics Part Entities
! SUMMARY-   
! SUMMARY-  Entities Processed             Count
! SUMMARY-  ------------------             -----
! SUMMARY-  Solid .......................:     1
! SUMMARY-                                 -----
! SUMMARY-  Total                              1
! INFO-      
! INFO-     Total number of solids input for this translation       :         1
! INFO-      
! INFO-     Number of solids created without body validation faults :         1
! INFO-      
! INFO-     Number of solids created with body validation fault(s)  :         0
! INFO-      
! INFO-     Number of solids ending up as sheet bodies              :         0
! INFO-      
! INFO-     End of Translation: 23-MAY-2024  8:52:30 PM
! INFO-      
