STEP to UG
! INFO-     NX STEP AP214 - V2007
! INFO-      
! INFO-     Start of Translation: 23-MAY-2024  9:11:36 PM
! INFO-      
! STATUS-   Converting Part: D:\franz\Documents\studia\eity\PBL4\smartwatch2\smartwatch\MODEL\UJC-HP2-3-SMT-TR.stp
! SUMMARY-   
! SUMMARY-    STEP Header Information
! SUMMARY-   
! SUMMARY-  Description      STEP AP214
! SUMMARY-  Imp_Level        1
! SUMMARY-  File_Name        UJC-HP2-3-SMT-TR.STEP
! SUMMARY-  Date             2024-01-21T15:30:03
! SUMMARY-  Author           Unknown
! SUMMARY-  Organization     Unknown
! SUMMARY-  Pre_Version      SwSTEP 2.0
! SUMMARY-  Orig_System      SolidWorks 2016
! SUMMARY-  Authorization    Unknown
! SUMMARY-  Schema_ID        automotive_design
! SUMMARY-   
! SUMMARY-    Summary of STEP Entities
! SUMMARY-   
! SUMMARY-  Entity Type                                                   Count
! SUMMARY-  -----------                                                   ------
! SUMMARY-  advanced_face ..............................................:    908
! SUMMARY-  application_context ........................................:      2
! SUMMARY-  axis2_placement_3d .........................................:   1345
! SUMMARY-  b_spline_curve_with_knots ..................................:    128
! SUMMARY-  b_spline_curve_with_knots_and_rational_b_spline_curve ......:     18
! SUMMARY-  b_spline_surface_with_knots ................................:      2
! SUMMARY-  b_spline_surface_with_knots_and_rational_b_spline_surface ..:      8
! SUMMARY-  cartesian_point ............................................:   5803
! SUMMARY-  circle .....................................................:    446
! SUMMARY-  closed_shell ...............................................:     31
! SUMMARY-  conical_surface ............................................:     18
! SUMMARY-  cylindrical_surface ........................................:    232
! SUMMARY-  direction ..................................................:   4567
! SUMMARY-  edge_curve .................................................:   2469
! SUMMARY-  edge_loop ..................................................:    948
! SUMMARY-  face_bound .................................................:     40
! SUMMARY-  face_outer_bound ...........................................:    908
! SUMMARY-  geometric_representation_context_and_global_uncertainty_a ..:    401
! SUMMARY-  length_unit_and_si_unit ....................................:    401
! SUMMARY-  line .......................................................:   1877
! SUMMARY-  manifold_solid_brep ........................................:     31
! SUMMARY-  oriented_edge ..............................................:   4938
! SUMMARY-  plane ......................................................:    648
! SUMMARY-  plane_angle_unit_and_si_unit ...............................:    401
! SUMMARY-  product ....................................................:      1
! SUMMARY-  product_context ............................................:      1
! SUMMARY-  product_definition .........................................:      1
! SUMMARY-  product_definition_context .................................:      1
! SUMMARY-  product_definition_formation_with_specified_source .........:      1
! SUMMARY-  product_definition_shape ...................................:      1
! SUMMARY-  product_related_product_category ...........................:      1
! SUMMARY-  si_unit_and_solid_angle_unit ...............................:    401
! SUMMARY-  uncertainty_measure_with_unit ..............................:    401
! SUMMARY-  vector .....................................................:   1877
! SUMMARY-  vertex_point ...............................................:   1627
! SUMMARY-                                                               -------
! SUMMARY-  Total                                                          30883
! STATUS-    
! STATUS-   Converting to Output Form (Phase 2 of 3): 23-MAY-2024 9:11:36 PM
! STATUS-    
! STATUS-    
! STATUS-   Generating UG geometry and placing them in parts
! STATUS-    
! STATUS-   Creating the UG part (Phase 3 of 3): 23-MAY-2024  9:11:37 PM
! INFO-     Filing Part ..: D:\franz\Documents\studia\eity\PBL4\smartwatch2\smartwatch\MODEL\UJC-HP2-3-SMT-TR_stp.prt
! SUMMARY-   
! SUMMARY-  Summary of Unigraphics Part Entities
! SUMMARY-   
! SUMMARY-  Entities Processed             Count
! SUMMARY-  ------------------             -----
! SUMMARY-  Solid .......................:    31
! SUMMARY-                                 -----
! SUMMARY-  Total                             31
! INFO-      
! INFO-     Total number of solids input for this translation       :        31
! INFO-      
! INFO-     Number of solids created without body validation faults :        31
! INFO-      
! INFO-     Number of solids created with body validation fault(s)  :         0
! INFO-      
! INFO-     Number of solids ending up as sheet bodies              :         0
! INFO-      
! INFO-     End of Translation: 23-MAY-2024  9:11:38 PM
! INFO-      
